{"/home/egehlen/Sources/file-storage/src/server/src/account/account.controller.ts": {"path":"/home/egehlen/Sources/file-storage/src/server/src/account/account.controller.ts","statementMap":{"0":{"start":{"line":1,"column":0},"end":{"line":1,"column":54}},"1":{"start":{"line":2,"column":0},"end":{"line":2,"column":94}},"2":{"start":{"line":3,"column":0},"end":{"line":3,"column":51}},"3":{"start":{"line":4,"column":0},"end":{"line":4,"column":60}},"4":{"start":{"line":5,"column":0},"end":{"line":5,"column":60}},"5":{"start":{"line":8,"column":0},"end":{"line":33,"column":null}},"6":{"start":{"line":9,"column":33},"end":{"line":9,"column":49}},"7":{"start":{"line":13,"column":8},"end":{"line":13,"column":60}},"8":{"start":{"line":19,"column":8},"end":{"line":19,"column":48}},"9":{"start":{"line":25,"column":8},"end":{"line":25,"column":65}},"10":{"start":{"line":31,"column":8},"end":{"line":31,"column":47}},"11":{"start":{"line":12,"column":4},"end":{"line":14,"column":null}},"12":{"start":{"line":18,"column":4},"end":{"line":20,"column":null}},"13":{"start":{"line":24,"column":4},"end":{"line":26,"column":null}},"14":{"start":{"line":30,"column":4},"end":{"line":32,"column":null}},"15":{"start":{"line":8,"column":13},"end":{"line":33,"column":null}},"16":{"start":{"line":8,"column":13},"end":{"line":8,"column":30}}},"fnMap":{"0":{"name":"(anonymous_4)","decl":{"start":{"line":9,"column":4},"end":{"line":9,"column":33}},"loc":{"start":{"line":9,"column":63},"end":{"line":9,"column":68}}},"1":{"name":"(anonymous_5)","decl":{"start":{"line":12,"column":4},"end":{"line":12,"column":10}},"loc":{"start":{"line":12,"column":53},"end":{"line":14,"column":5}}},"2":{"name":"(anonymous_6)","decl":{"start":{"line":18,"column":4},"end":{"line":18,"column":11}},"loc":{"start":{"line":18,"column":35},"end":{"line":20,"column":5}}},"3":{"name":"(anonymous_7)","decl":{"start":{"line":24,"column":4},"end":{"line":24,"column":10}},"loc":{"start":{"line":24,"column":78},"end":{"line":26,"column":5}}},"4":{"name":"(anonymous_8)","decl":{"start":{"line":30,"column":4},"end":{"line":30,"column":10}},"loc":{"start":{"line":30,"column":34},"end":{"line":32,"column":5}}}},"branchMap":{},"s":{"0":1,"1":1,"2":1,"3":1,"4":1,"5":1,"6":5,"7":1,"8":1,"9":1,"10":1,"11":1,"12":1,"13":1,"14":1,"15":1,"16":1},"f":{"0":5,"1":1,"2":1,"3":1,"4":1},"b":{}}
,"/home/egehlen/Sources/file-storage/src/server/src/account/account.service.ts": {"path":"/home/egehlen/Sources/file-storage/src/server/src/account/account.service.ts","statementMap":{"0":{"start":{"line":1,"column":0},"end":{"line":1,"column":52}},"1":{"start":{"line":2,"column":0},"end":{"line":2,"column":57}},"2":{"start":{"line":3,"column":0},"end":{"line":3,"column":67}},"3":{"start":{"line":4,"column":0},"end":{"line":4,"column":44}},"4":{"start":{"line":9,"column":0},"end":{"line":49,"column":null}},"5":{"start":{"line":11,"column":25},"end":{"line":11,"column":36}},"6":{"start":{"line":12,"column":25},"end":{"line":12,"column":44}},"7":{"start":{"line":16,"column":29},"end":{"line":16,"column":86}},"8":{"start":{"line":17,"column":24},"end":{"line":19,"column":10}},"9":{"start":{"line":21,"column":8},"end":{"line":21,"column":34}},"10":{"start":{"line":25,"column":8},"end":{"line":27,"column":null}},"11":{"start":{"line":31,"column":8},"end":{"line":33,"column":11}},"12":{"start":{"line":37,"column":29},"end":{"line":37,"column":86}},"13":{"start":{"line":38,"column":8},"end":{"line":41,"column":null}},"14":{"start":{"line":45,"column":8},"end":{"line":47,"column":11}},"15":{"start":{"line":9,"column":13},"end":{"line":49,"column":null}},"16":{"start":{"line":9,"column":13},"end":{"line":9,"column":27}}},"fnMap":{"0":{"name":"(anonymous_2)","decl":{"start":{"line":10,"column":4},"end":{"line":10,"column":null}},"loc":{"start":{"line":12,"column":61},"end":{"line":13,"column":9}}},"1":{"name":"(anonymous_3)","decl":{"start":{"line":15,"column":4},"end":{"line":15,"column":9}},"loc":{"start":{"line":15,"column":51},"end":{"line":22,"column":5}}},"2":{"name":"(anonymous_4)","decl":{"start":{"line":24,"column":4},"end":{"line":24,"column":11}},"loc":{"start":{"line":24,"column":22},"end":{"line":28,"column":5}}},"3":{"name":"(anonymous_5)","decl":{"start":{"line":30,"column":4},"end":{"line":30,"column":15}},"loc":{"start":{"line":30,"column":29},"end":{"line":34,"column":5}}},"4":{"name":"(anonymous_6)","decl":{"start":{"line":36,"column":4},"end":{"line":36,"column":10}},"loc":{"start":{"line":36,"column":57},"end":{"line":42,"column":5}}},"5":{"name":"(anonymous_7)","decl":{"start":{"line":44,"column":4},"end":{"line":44,"column":10}},"loc":{"start":{"line":44,"column":21},"end":{"line":48,"column":5}}}},"branchMap":{},"s":{"0":4,"1":4,"2":4,"3":4,"4":4,"5":6,"6":6,"7":1,"8":1,"9":1,"10":1,"11":1,"12":1,"13":1,"14":1,"15":4,"16":4},"f":{"0":6,"1":1,"2":1,"3":1,"4":1,"5":1},"b":{}}
,"/home/egehlen/Sources/file-storage/src/server/src/account/dto/create-account.dto.ts": {"path":"/home/egehlen/Sources/file-storage/src/server/src/account/dto/create-account.dto.ts","statementMap":{"0":{"start":{"line":1,"column":0},"end":{"line":1,"column":13}}},"fnMap":{},"branchMap":{},"s":{"0":1},"f":{},"b":{}}
,"/home/egehlen/Sources/file-storage/src/server/src/account/dto/update-account.dto.ts": {"path":"/home/egehlen/Sources/file-storage/src/server/src/account/dto/update-account.dto.ts","statementMap":{"0":{"start":{"line":1,"column":0},"end":{"line":1,"column":56}},"1":{"start":{"line":3,"column":0},"end":{"line":3,"column":13}}},"fnMap":{},"branchMap":{},"s":{"0":1,"1":1},"f":{},"b":{}}
,"/home/egehlen/Sources/file-storage/src/server/src/account/entities/account.entity.ts": {"path":"/home/egehlen/Sources/file-storage/src/server/src/account/entities/account.entity.ts","statementMap":{"0":{"start":{"line":8,"column":8},"end":{"line":8,"column":29}},"1":{"start":{"line":9,"column":8},"end":{"line":9,"column":31}},"2":{"start":{"line":10,"column":8},"end":{"line":10,"column":45}},"3":{"start":{"line":1,"column":0},"end":{"line":1,"column":13}}},"fnMap":{"0":{"name":"(anonymous_0)","decl":{"start":{"line":7,"column":4},"end":{"line":7,"column":16}},"loc":{"start":{"line":7,"column":76},"end":{"line":11,"column":5}}}},"branchMap":{},"s":{"0":2,"1":2,"2":2,"3":4},"f":{"0":2},"b":{}}
,"/home/egehlen/Sources/file-storage/src/server/src/auth/auth.controller.ts": {"path":"/home/egehlen/Sources/file-storage/src/server/src/auth/auth.controller.ts","statementMap":{"0":{"start":{"line":1,"column":0},"end":{"line":1,"column":45}},"1":{"start":{"line":2,"column":0},"end":{"line":2,"column":84}},"2":{"start":{"line":4,"column":0},"end":{"line":4,"column":43}},"3":{"start":{"line":7,"column":0},"end":{"line":32,"column":null}},"4":{"start":{"line":9,"column":25},"end":{"line":9,"column":38}},"5":{"start":{"line":14,"column":8},"end":{"line":24,"column":null}},"6":{"start":{"line":15,"column":27},"end":{"line":15,"column":65}},"7":{"start":{"line":16,"column":12},"end":{"line":16,"column":46}},"8":{"start":{"line":18,"column":12},"end":{"line":18,"column":33}},"9":{"start":{"line":20,"column":12},"end":{"line":23,"column":49}},"10":{"start":{"line":21,"column":16},"end":{"line":21,"column":84}},"11":{"start":{"line":23,"column":16},"end":{"line":23,"column":49}},"12":{"start":{"line":29,"column":23},"end":{"line":29,"column":59}},"13":{"start":{"line":30,"column":8},"end":{"line":30,"column":42}},"14":{"start":{"line":13,"column":4},"end":{"line":25,"column":null}},"15":{"start":{"line":28,"column":4},"end":{"line":31,"column":null}},"16":{"start":{"line":7,"column":13},"end":{"line":32,"column":null}},"17":{"start":{"line":7,"column":13},"end":{"line":7,"column":27}}},"fnMap":{"0":{"name":"(anonymous_4)","decl":{"start":{"line":8,"column":4},"end":{"line":8,"column":null}},"loc":{"start":{"line":9,"column":49},"end":{"line":10,"column":9}}},"1":{"name":"(anonymous_5)","decl":{"start":{"line":13,"column":4},"end":{"line":13,"column":9}},"loc":{"start":{"line":13,"column":69},"end":{"line":25,"column":5}}},"2":{"name":"(anonymous_6)","decl":{"start":{"line":28,"column":4},"end":{"line":28,"column":9}},"loc":{"start":{"line":28,"column":65},"end":{"line":31,"column":5}}}},"branchMap":{"0":{"loc":{"start":{"line":20,"column":12},"end":{"line":23,"column":49}},"type":"if","locations":[{"start":{"line":20,"column":12},"end":{"line":23,"column":49}},{"start":{"line":23,"column":16},"end":{"line":23,"column":49}}]}},"s":{"0":1,"1":1,"2":1,"3":1,"4":3,"5":1,"6":1,"7":1,"8":0,"9":0,"10":0,"11":0,"12":1,"13":1,"14":1,"15":1,"16":1,"17":1},"f":{"0":3,"1":1,"2":1},"b":{"0":[0,0]}}
,"/home/egehlen/Sources/file-storage/src/server/src/auth/auth.service.ts": {"path":"/home/egehlen/Sources/file-storage/src/server/src/auth/auth.service.ts","statementMap":{"0":{"start":{"line":1,"column":0},"end":{"line":1,"column":57}},"1":{"start":{"line":2,"column":0},"end":{"line":2,"column":67}},"2":{"start":{"line":3,"column":0},"end":{"line":3,"column":61}},"3":{"start":{"line":4,"column":0},"end":{"line":4,"column":66}},"4":{"start":{"line":5,"column":0},"end":{"line":5,"column":41}},"5":{"start":{"line":9,"column":0},"end":{"line":59,"column":null}},"6":{"start":{"line":11,"column":25},"end":{"line":11,"column":41}},"7":{"start":{"line":12,"column":25},"end":{"line":12,"column":44}},"8":{"start":{"line":13,"column":25},"end":{"line":13,"column":36}},"9":{"start":{"line":14,"column":25},"end":{"line":14,"column":37}},"10":{"start":{"line":18,"column":24},"end":{"line":18,"column":77}},"11":{"start":{"line":20,"column":8},"end":{"line":23,"column":null}},"12":{"start":{"line":21,"column":35},"end":{"line":21,"column":84}},"13":{"start":{"line":22,"column":12},"end":{"line":22,"column":61}},"14":{"start":{"line":25,"column":8},"end":{"line":25,"column":21}},"15":{"start":{"line":29,"column":22},"end":{"line":31,"column":10}},"16":{"start":{"line":33,"column":8},"end":{"line":33,"column":23}},"17":{"start":{"line":37,"column":8},"end":{"line":38,"column":87}},"18":{"start":{"line":38,"column":12},"end":{"line":38,"column":87}},"19":{"start":{"line":40,"column":8},"end":{"line":49,"column":null}},"20":{"start":{"line":41,"column":28},"end":{"line":41,"column":56}},"21":{"start":{"line":42,"column":26},"end":{"line":42,"column":55}},"22":{"start":{"line":44,"column":12},"end":{"line":44,"column":69}},"23":{"start":{"line":45,"column":12},"end":{"line":45,"column":29}},"24":{"start":{"line":48,"column":12},"end":{"line":48,"column":94}},"25":{"start":{"line":53,"column":8},"end":{"line":55,"column":11}},"26":{"start":{"line":57,"column":8},"end":{"line":57,"column":32}},"27":{"start":{"line":9,"column":13},"end":{"line":59,"column":null}},"28":{"start":{"line":9,"column":13},"end":{"line":9,"column":24}}},"fnMap":{"0":{"name":"(anonymous_2)","decl":{"start":{"line":10,"column":4},"end":{"line":10,"column":null}},"loc":{"start":{"line":14,"column":47},"end":{"line":15,"column":8}}},"1":{"name":"(anonymous_3)","decl":{"start":{"line":17,"column":12},"end":{"line":17,"column":17}},"loc":{"start":{"line":17,"column":56},"end":{"line":26,"column":5}}},"2":{"name":"(anonymous_4)","decl":{"start":{"line":28,"column":11},"end":{"line":28,"column":16}},"loc":{"start":{"line":28,"column":46},"end":{"line":34,"column":5}}},"3":{"name":"(anonymous_5)","decl":{"start":{"line":36,"column":11},"end":{"line":36,"column":16}},"loc":{"start":{"line":36,"column":41},"end":{"line":50,"column":5}}},"4":{"name":"(anonymous_6)","decl":{"start":{"line":52,"column":11},"end":{"line":52,"column":16}},"loc":{"start":{"line":52,"column":37},"end":{"line":58,"column":5}}}},"branchMap":{"0":{"loc":{"start":{"line":20,"column":8},"end":{"line":23,"column":null}},"type":"if","locations":[{"start":{"line":20,"column":8},"end":{"line":23,"column":null}}]},"1":{"loc":{"start":{"line":37,"column":8},"end":{"line":38,"column":87}},"type":"if","locations":[{"start":{"line":37,"column":8},"end":{"line":38,"column":87}}]},"2":{"loc":{"start":{"line":37,"column":12},"end":{"line":37,"column":62}},"type":"binary-expr","locations":[{"start":{"line":37,"column":12},"end":{"line":37,"column":21}},{"start":{"line":37,"column":25},"end":{"line":37,"column":40}},{"start":{"line":37,"column":44},"end":{"line":37,"column":62}}]},"3":{"loc":{"start":{"line":40,"column":8},"end":{"line":49,"column":null}},"type":"if","locations":[{"start":{"line":40,"column":8},"end":{"line":49,"column":null}},{"start":{"line":47,"column":13},"end":{"line":49,"column":null}}]}},"s":{"0":2,"1":2,"2":2,"3":2,"4":2,"5":2,"6":4,"7":4,"8":4,"9":4,"10":1,"11":1,"12":1,"13":1,"14":0,"15":0,"16":0,"17":1,"18":0,"19":1,"20":1,"21":1,"22":1,"23":1,"24":0,"25":1,"26":1,"27":2,"28":2},"f":{"0":4,"1":1,"2":0,"3":1,"4":1},"b":{"0":[1],"1":[0],"2":[1,1,1],"3":[1,0]}}
,"/home/egehlen/Sources/file-storage/src/server/src/auth/dto/login.dto.ts": {"path":"/home/egehlen/Sources/file-storage/src/server/src/auth/dto/login.dto.ts","statementMap":{"0":{"start":{"line":1,"column":0},"end":{"line":1,"column":13}}},"fnMap":{},"branchMap":{},"s":{"0":1},"f":{},"b":{}}
,"/home/egehlen/Sources/file-storage/src/server/src/auth/guards/auth.guard.ts": {"path":"/home/egehlen/Sources/file-storage/src/server/src/auth/guards/auth.guard.ts","statementMap":{"0":{"start":{"line":1,"column":0},"end":{"line":1,"column":41}},"1":{"start":{"line":2,"column":0},"end":{"line":2,"column":75}},"2":{"start":{"line":4,"column":0},"end":{"line":4,"column":49}},"3":{"start":{"line":7,"column":0},"end":{"line":31,"column":null}},"4":{"start":{"line":10,"column":25},"end":{"line":10,"column":37}},"5":{"start":{"line":14,"column":33},"end":{"line":14,"column":68}},"6":{"start":{"line":15,"column":8},"end":{"line":15,"column":45}},"7":{"start":{"line":19,"column":8},"end":{"line":29,"column":null}},"8":{"start":{"line":20,"column":26},"end":{"line":20,"column":59}},"9":{"start":{"line":21,"column":12},"end":{"line":21,"column":53}},"10":{"start":{"line":21,"column":40},"end":{"line":21,"column":53}},"11":{"start":{"line":23,"column":12},"end":{"line":23,"column":51}},"12":{"start":{"line":25,"column":12},"end":{"line":28,"column":28}},"13":{"start":{"line":26,"column":16},"end":{"line":26,"column":29}},"14":{"start":{"line":28,"column":16},"end":{"line":28,"column":28}},"15":{"start":{"line":7,"column":13},"end":{"line":31,"column":null}},"16":{"start":{"line":7,"column":13},"end":{"line":7,"column":22}}},"fnMap":{"0":{"name":"(anonymous_2)","decl":{"start":{"line":9,"column":4},"end":{"line":9,"column":null}},"loc":{"start":{"line":10,"column":47},"end":{"line":11,"column":8}}},"1":{"name":"(anonymous_3)","decl":{"start":{"line":13,"column":4},"end":{"line":13,"column":15}},"loc":{"start":{"line":13,"column":41},"end":{"line":16,"column":5}}},"2":{"name":"(anonymous_4)","decl":{"start":{"line":18,"column":4},"end":{"line":18,"column":19}},"loc":{"start":{"line":18,"column":36},"end":{"line":30,"column":5}}}},"branchMap":{"0":{"loc":{"start":{"line":21,"column":12},"end":{"line":21,"column":53}},"type":"if","locations":[{"start":{"line":21,"column":12},"end":{"line":21,"column":53}}]},"1":{"loc":{"start":{"line":21,"column":16},"end":{"line":21,"column":38}},"type":"binary-expr","locations":[{"start":{"line":21,"column":16},"end":{"line":21,"column":22}},{"start":{"line":21,"column":26},"end":{"line":21,"column":38}}]},"2":{"loc":{"start":{"line":25,"column":12},"end":{"line":28,"column":28}},"type":"if","locations":[{"start":{"line":25,"column":12},"end":{"line":28,"column":28}},{"start":{"line":28,"column":16},"end":{"line":28,"column":28}}]}},"s":{"0":2,"1":2,"2":2,"3":2,"4":5,"5":0,"6":0,"7":0,"8":0,"9":0,"10":0,"11":0,"12":0,"13":0,"14":0,"15":2,"16":2},"f":{"0":5,"1":0,"2":0},"b":{"0":[0],"1":[0,0],"2":[0,0]}}
,"/home/egehlen/Sources/file-storage/src/server/src/db/database.service.ts": {"path":"/home/egehlen/Sources/file-storage/src/server/src/db/database.service.ts","statementMap":{"0":{"start":{"line":1,"column":0},"end":{"line":1,"column":76}},"1":{"start":{"line":2,"column":0},"end":{"line":2,"column":46}},"2":{"start":{"line":5,"column":0},"end":{"line":15,"column":null}},"3":{"start":{"line":7,"column":8},"end":{"line":7,"column":30}},"4":{"start":{"line":11,"column":8},"end":{"line":13,"column":11}},"5":{"start":{"line":12,"column":12},"end":{"line":12,"column":30}},"6":{"start":{"line":5,"column":13},"end":{"line":15,"column":null}},"7":{"start":{"line":5,"column":13},"end":{"line":5,"column":28}}},"fnMap":{"0":{"name":"(anonymous_1)","decl":{"start":{"line":6,"column":4},"end":{"line":6,"column":9}},"loc":{"start":{"line":6,"column":22},"end":{"line":8,"column":5}}},"1":{"name":"(anonymous_2)","decl":{"start":{"line":10,"column":4},"end":{"line":10,"column":9}},"loc":{"start":{"line":10,"column":51},"end":{"line":14,"column":5}}},"2":{"name":"(anonymous_3)","decl":{"start":{"line":11,"column":31},"end":{"line":11,"column":36}},"loc":{"start":{"line":11,"column":42},"end":{"line":13,"column":9}}}},"branchMap":{},"s":{"0":4,"1":4,"2":4,"3":0,"4":0,"5":0,"6":4,"7":4},"f":{"0":0,"1":0,"2":0},"b":{}}
,"/home/egehlen/Sources/file-storage/src/server/src/shared/encryption.service.ts": {"path":"/home/egehlen/Sources/file-storage/src/server/src/shared/encryption.service.ts","statementMap":{"0":{"start":{"line":1,"column":0},"end":{"line":1,"column":44}},"1":{"start":{"line":2,"column":0},"end":{"line":2,"column":36}},"2":{"start":{"line":5,"column":0},"end":{"line":11,"column":null}},"3":{"start":{"line":9,"column":8},"end":{"line":9,"column":72}},"4":{"start":{"line":5,"column":13},"end":{"line":11,"column":null}},"5":{"start":{"line":5,"column":13},"end":{"line":5,"column":30}}},"fnMap":{"0":{"name":"(anonymous_1)","decl":{"start":{"line":8,"column":4},"end":{"line":8,"column":11}},"loc":{"start":{"line":8,"column":24},"end":{"line":10,"column":5}}}},"branchMap":{},"s":{"0":4,"1":4,"2":4,"3":2,"4":4,"5":4},"f":{"0":2},"b":{}}
}
